2025-11-05 09:56:43 - INFO - 🔄 Connecting to database server...
2025-11-05 09:56:43 - INFO - ✅ Successfully connected to database server
2025-11-05 09:56:43 - INFO - 🔄 Creating database attendance_db if it doesn't exist...
2025-11-05 09:56:43 - INFO - 🔄 Creating table attendances if it doesn't exist...
2025-11-05 09:56:43 - INFO - 🔄 Checking and adding additional indexes...
2025-11-05 09:56:44 - INFO - ✅ Database and table setup completed successfully
2025-11-05 09:56:44 - INFO - 🔄 Database connection closed
2025-11-05 09:56:44 - INFO - 🔄 Verifying database setup...
2025-11-05 09:56:44 - INFO - ✅ Successfully connected to database server
2025-11-05 09:56:44 - INFO - ✅ Database verification completed successfully
2025-11-05 10:02:26 - INFO - 🔄 Connecting to database server...
2025-11-05 10:02:26 - INFO - ✅ Successfully connected to database server
2025-11-05 10:02:26 - INFO - 🔄 Creating database attendance_db if it doesn't exist...
2025-11-05 10:02:26 - INFO - 🔄 Creating table attendances if it doesn't exist...
2025-11-05 10:02:26 - INFO - 🔄 Checking and adding additional indexes...
2025-11-05 10:02:27 - INFO - ✅ Database and table setup completed successfully
2025-11-05 10:02:27 - INFO - 🔄 Database connection closed
2025-11-05 10:02:27 - INFO - 🔄 Verifying database setup...
2025-11-05 10:02:27 - INFO - ✅ Successfully connected to database server
2025-11-05 10:02:27 - INFO - ✅ Database verification completed successfully
2025-11-05 10:29:23 - INFO - 🔄 Connecting to database server...
2025-11-05 10:29:23 - INFO - ✅ Successfully connected to database server
2025-11-05 10:29:23 - INFO - 🔄 Creating database attendance_db if it doesn't exist...
2025-11-05 10:29:23 - INFO - 🔄 Creating table attendances if it doesn't exist...
2025-11-05 10:29:23 - INFO - 🔄 Checking and adding additional indexes...
2025-11-05 10:29:23 - INFO - ✅ Database and table setup completed successfully
2025-11-05 10:29:23 - INFO - 🔄 Database connection closed
2025-11-05 10:29:23 - INFO - 🔄 Verifying database setup...
2025-11-05 10:29:23 - INFO - ✅ Successfully connected to database server
2025-11-05 10:29:23 - INFO - ✅ Database verification completed successfully
2025-11-05 10:34:42 - INFO - 🔄 Connecting to database server...
2025-11-05 10:34:42 - INFO - ✅ Successfully connected to database server
2025-11-05 10:34:42 - INFO - 🔄 Creating database attendance_db if it doesn't exist...
2025-11-05 10:34:42 - INFO - 🔄 Creating table attendances if it doesn't exist...
2025-11-05 10:34:42 - INFO - 🔄 Checking and adding additional indexes...
2025-11-05 10:34:42 - INFO - ✅ Database and table setup completed successfully
2025-11-05 10:34:42 - INFO - 🔄 Database connection closed
2025-11-05 10:34:42 - INFO - 🔄 Verifying database setup...
2025-11-05 10:34:42 - INFO - ✅ Successfully connected to database server
2025-11-05 10:34:42 - INFO - ✅ Database verification completed successfully
2025-11-05 10:44:29 - INFO - 🔄 Connecting to database server...
2025-11-05 10:44:29 - INFO - ✅ Successfully connected to database server
2025-11-05 10:44:29 - INFO - 🔄 Creating database attendance_db if it doesn't exist...
2025-11-05 10:44:29 - INFO - 🔄 Creating table attendances if it doesn't exist...
2025-11-05 10:44:29 - INFO - 🔄 Checking and adding additional indexes...
2025-11-05 10:44:29 - INFO - ✅ Database and table setup completed successfully
2025-11-05 10:44:29 - INFO - 🔄 Database connection closed
2025-11-05 10:44:29 - INFO - 🔄 Verifying database setup...
2025-11-05 10:44:29 - INFO - ✅ Successfully connected to database server
2025-11-05 10:44:29 - INFO - ✅ Database verification completed successfully
2025-11-05 12:34:45 - INFO - 🔄 Connecting to database server...
2025-11-05 12:34:45 - INFO - ✅ Successfully connected to database server
2025-11-05 12:34:45 - INFO - 🔄 Creating database attendance_db if it doesn't exist...
2025-11-05 12:34:45 - INFO - 🔄 Creating table attendances if it doesn't exist...
2025-11-05 12:34:45 - INFO - 🔄 Checking and adding additional indexes...
2025-11-05 12:34:45 - INFO - ✅ Database and table setup completed successfully
2025-11-05 12:34:45 - INFO - 🔄 Database connection closed
2025-11-05 12:34:45 - INFO - 🔄 Verifying database setup...
2025-11-05 12:34:45 - INFO - ✅ Successfully connected to database server
2025-11-05 12:34:45 - INFO - ✅ Database verification completed successfully
